<?xml version="1.0" encoding="UTF-8"?>
<testsuite name="ohtu.NhlStatistics.StatisticsTest" tests="5" skipped="0" failures="0" errors="0" timestamp="2017-11-03T16:31:59" hostname="joku-tietokone-kai" time="0.005">
  <properties/>
  <testcase name="searchFindWorks" classname="ohtu.NhlStatistics.StatisticsTest" time="0.004"/>
  <testcase name="topScorerWorks" classname="ohtu.NhlStatistics.StatisticsTest" time="0.0"/>
  <testcase name="searchNoFindWorks" classname="ohtu.NhlStatistics.StatisticsTest" time="0.0"/>
  <testcase name="noTeamGivesZero" classname="ohtu.NhlStatistics.StatisticsTest" time="0.0"/>
  <testcase name="teamGivesRightAmount" classname="ohtu.NhlStatistics.StatisticsTest" time="0.0"/>
  <system-out><![CDATA[]]></system-out>
  <system-err><![CDATA[]]></system-err>
</testsuite>
