<?xml version="1.0" encoding="UTF-8"?>
<testsuite name="ohtu.ohtuvarasto.VarastoTest" tests="15" skipped="0" failures="0" errors="0" timestamp="2017-11-03T14:53:20" hostname="joku-tietokone-kai" time="0.047">
  <properties/>
  <testcase name="lisaaVarastoonPaljon" classname="ohtu.ohtuvarasto.VarastoTest" time="0.003"/>
  <testcase name="lisaaVarastoonToimii" classname="ohtu.ohtuvarasto.VarastoTest" time="0.001"/>
  <testcase name="ottaminenPalauttaaOikeanMaaran" classname="ohtu.ohtuvarasto.VarastoTest" time="0.0"/>
  <testcase name="lisaysLisaaPienentaaVapaataTilaa" classname="ohtu.ohtuvarasto.VarastoTest" time="0.001"/>
  <testcase name="lisaysLisaaSaldoa" classname="ohtu.ohtuvarasto.VarastoTest" time="0.001"/>
  <testcase name="otaVarastostaPaljon" classname="ohtu.ohtuvarasto.VarastoTest" time="0.005"/>
  <testcase name="toStringToimii" classname="ohtu.ohtuvarasto.VarastoTest" time="0.002"/>
  <testcase name="alkuSaldoToimiiNegatiivisella" classname="ohtu.ohtuvarasto.VarastoTest" time="0.001"/>
  <testcase name="alkuSaldoToimii" classname="ohtu.ohtuvarasto.VarastoTest" time="0.001"/>
  <testcase name="ottaminenLisääTilaa" classname="ohtu.ohtuvarasto.VarastoTest" time="0.0"/>
  <testcase name="alkuSaldoToimiiNegatiivisellaAlkusaldolla" classname="ohtu.ohtuvarasto.VarastoTest" time="0.0"/>
  <testcase name="uudellaVarastollaOikeaTilavuus" classname="ohtu.ohtuvarasto.VarastoTest" time="0.0"/>
  <testcase name="konstruktoriLuoTyhjanVaraston" classname="ohtu.ohtuvarasto.VarastoTest" time="0.0"/>
  <testcase name="otaVarastoonToimii" classname="ohtu.ohtuvarasto.VarastoTest" time="0.001"/>
  <testcase name="eiVoiLuodaNegatiivistaTilavuutta" classname="ohtu.ohtuvarasto.VarastoTest" time="0.001"/>
  <system-out><![CDATA[]]></system-out>
  <system-err><![CDATA[]]></system-err>
</testsuite>
